Testsuite: org.simpleframework.xml.core.EmptyTest
Tests run: 10, Failures: 0, Errors: 0, Time elapsed: 0.554 sec
------------- Standard Output ---------------
<test>
   <empty class="java.util.ArrayList"/>
</test><test>
   <empty class="java.util.ArrayList"/>
</test>
<test ID="0">
   <!-- java.util.Collection -->
   <empty class="java.util.ArrayList" ID="1"/>
</test>>>>>> ELEMENT=[element test]
>>>>> TYPE=[class org.simpleframework.xml.core.EmptyTest$EmptyCollection]
>>>>> SOURCE=[class org.xmlpull.mxp1.MXParserCachingStrings]
<Test ID="0">
   <!-- java.util.Collection -->
   <Empty class="java.util.ArrayList" ID="1"/>
</Test>>>>>> ELEMENT=[element Test]
>>>>> TYPE=[class org.simpleframework.xml.core.EmptyTest$EmptyCollection]
>>>>> SOURCE=[class org.xmlpull.mxp1.MXParserCachingStrings]
<test/><test/>
<test ID="0"/>>>>>> ELEMENT=[element test]
>>>>> TYPE=[class org.simpleframework.xml.core.EmptyTest$EmptyCollection]
>>>>> SOURCE=[class org.xmlpull.mxp1.MXParserCachingStrings]
<Test ID="0"/>>>>>> ELEMENT=[element Test]
>>>>> TYPE=[class org.simpleframework.xml.core.EmptyTest$EmptyCollection]
>>>>> SOURCE=[class org.xmlpull.mxp1.MXParserCachingStrings]
<test name="John Doe" address="NULL">
   <description>Some description</description>
</test><test name="John Doe" address="NULL">
   <description>Some description</description>
</test>
<test ID="0" name="John Doe" address="NULL">
   <!-- java.lang.String -->
   <description ID="1">Some description</description>
</test>>>>>> ELEMENT=[element test]
>>>>> TYPE=[class org.simpleframework.xml.core.EmptyTest$DefaultedAttribute]
>>>>> SOURCE=[class org.xmlpull.mxp1.MXParserCachingStrings]
<Test ID="0" name="John Doe" address="NULL">
   <!-- java.lang.String -->
   <Description ID="1">Some description</Description>
</Test>>>>>> ELEMENT=[element Test]
>>>>> TYPE=[class org.simpleframework.xml.core.EmptyTest$DefaultedAttribute]
>>>>> SOURCE=[class org.xmlpull.mxp1.MXParserCachingStrings]
<test name="NULL" address="NULL">
   <description>Some description</description>
</test><test name="NULL" address="NULL">
   <description>Some description</description>
</test>
<test ID="0" name="NULL" address="NULL">
   <!-- java.lang.String -->
   <description ID="1">Some description</description>
</test>>>>>> ELEMENT=[element test]
>>>>> TYPE=[class org.simpleframework.xml.core.EmptyTest$DefaultedAttribute]
>>>>> SOURCE=[class org.xmlpull.mxp1.MXParserCachingStrings]
<Test ID="0" name="NULL" address="NULL">
   <!-- java.lang.String -->
   <Description ID="1">Some description</Description>
</Test>>>>>> ELEMENT=[element Test]
>>>>> TYPE=[class org.simpleframework.xml.core.EmptyTest$DefaultedAttribute]
>>>>> SOURCE=[class org.xmlpull.mxp1.MXParserCachingStrings]
------------- ---------------- ---------------
------------- Standard Error -----------------
org.simpleframework.xml.core.ValueRequiredException: Empty value for @org.simpleframework.xml.Element(type=void, required=true, data=false, name=empty) on field 'empty' private java.lang.String org.simpleframework.xml.core.EmptyTest$RequiredElement.empty in class org.simpleframework.xml.core.EmptyTest$RequiredElement at line 3
	at org.simpleframework.xml.core.Composite.readInstance(Composite.java:642)
	at org.simpleframework.xml.core.Composite.readUnion(Composite.java:610)
	at org.simpleframework.xml.core.Composite.readElement(Composite.java:593)
	at org.simpleframework.xml.core.Composite.readElements(Composite.java:506)
	at org.simpleframework.xml.core.Composite.readSection(Composite.java:388)
	at org.simpleframework.xml.core.Composite.read(Composite.java:367)
	at org.simpleframework.xml.core.Composite.readDefault(Composite.java:262)
	at org.simpleframework.xml.core.Composite.read(Composite.java:232)
	at org.simpleframework.xml.core.Composite.read(Composite.java:202)
	at org.simpleframework.xml.core.Composite.read(Composite.java:150)
	at org.simpleframework.xml.core.Traverser.read(Traverser.java:92)
	at org.simpleframework.xml.core.Persister.read(Persister.java:625)
	at org.simpleframework.xml.core.Persister.read(Persister.java:606)
	at org.simpleframework.xml.core.Persister.read(Persister.java:584)
	at org.simpleframework.xml.core.Persister.read(Persister.java:562)
	at org.simpleframework.xml.core.Persister.read(Persister.java:499)
	at org.simpleframework.xml.core.Persister.read(Persister.java:408)
	at org.simpleframework.xml.core.EmptyTest.testRequiredEmpty(EmptyTest.java:113)
	at sun.reflect.NativeMethodAccessorImpl.invoke0(Native Method)
	at sun.reflect.NativeMethodAccessorImpl.invoke(NativeMethodAccessorImpl.java:39)
	at sun.reflect.DelegatingMethodAccessorImpl.invoke(DelegatingMethodAccessorImpl.java:25)
	at java.lang.reflect.Method.invoke(Method.java:592)
	at junit.framework.TestCase.runTest(TestCase.java:154)
	at junit.framework.TestCase.runBare(TestCase.java:127)
	at junit.framework.TestResult$1.protect(TestResult.java:106)
	at junit.framework.TestResult.runProtected(TestResult.java:124)
	at junit.framework.TestResult.run(TestResult.java:109)
	at junit.framework.TestCase.run(TestCase.java:118)
	at junit.framework.TestSuite.runTest(TestSuite.java:208)
	at junit.framework.TestSuite.run(TestSuite.java:203)
	at org.apache.tools.ant.taskdefs.optional.junit.JUnitTestRunner.run(JUnitTestRunner.java:422)
	at org.apache.tools.ant.taskdefs.optional.junit.JUnitTestRunner.launch(JUnitTestRunner.java:931)
	at org.apache.tools.ant.taskdefs.optional.junit.JUnitTestRunner.main(JUnitTestRunner.java:785)
org.simpleframework.xml.core.ValueRequiredException: Empty value for @org.simpleframework.xml.Element(type=void, required=true, data=false, name=) on method 'empty' in class org.simpleframework.xml.core.EmptyTest$RequiredMethodElement at line 3
	at org.simpleframework.xml.core.Composite.readInstance(Composite.java:642)
	at org.simpleframework.xml.core.Composite.readUnion(Composite.java:610)
	at org.simpleframework.xml.core.Composite.readElement(Composite.java:593)
	at org.simpleframework.xml.core.Composite.readElements(Composite.java:506)
	at org.simpleframework.xml.core.Composite.readSection(Composite.java:388)
	at org.simpleframework.xml.core.Composite.read(Composite.java:367)
	at org.simpleframework.xml.core.Composite.readDefault(Composite.java:262)
	at org.simpleframework.xml.core.Composite.read(Composite.java:232)
	at org.simpleframework.xml.core.Composite.read(Composite.java:202)
	at org.simpleframework.xml.core.Composite.read(Composite.java:150)
	at org.simpleframework.xml.core.Traverser.read(Traverser.java:92)
	at org.simpleframework.xml.core.Persister.read(Persister.java:625)
	at org.simpleframework.xml.core.Persister.read(Persister.java:606)
	at org.simpleframework.xml.core.Persister.read(Persister.java:584)
	at org.simpleframework.xml.core.Persister.read(Persister.java:562)
	at org.simpleframework.xml.core.Persister.read(Persister.java:499)
	at org.simpleframework.xml.core.Persister.read(Persister.java:408)
	at org.simpleframework.xml.core.EmptyTest.testRequiredEmptyMethod(EmptyTest.java:125)
	at sun.reflect.NativeMethodAccessorImpl.invoke0(Native Method)
	at sun.reflect.NativeMethodAccessorImpl.invoke(NativeMethodAccessorImpl.java:39)
	at sun.reflect.DelegatingMethodAccessorImpl.invoke(DelegatingMethodAccessorImpl.java:25)
	at java.lang.reflect.Method.invoke(Method.java:592)
	at junit.framework.TestCase.runTest(TestCase.java:154)
	at junit.framework.TestCase.runBare(TestCase.java:127)
	at junit.framework.TestResult$1.protect(TestResult.java:106)
	at junit.framework.TestResult.runProtected(TestResult.java:124)
	at junit.framework.TestResult.run(TestResult.java:109)
	at junit.framework.TestCase.run(TestCase.java:118)
	at junit.framework.TestSuite.runTest(TestSuite.java:208)
	at junit.framework.TestSuite.run(TestSuite.java:203)
	at org.apache.tools.ant.taskdefs.optional.junit.JUnitTestRunner.run(JUnitTestRunner.java:422)
	at org.apache.tools.ant.taskdefs.optional.junit.JUnitTestRunner.launch(JUnitTestRunner.java:931)
	at org.apache.tools.ant.taskdefs.optional.junit.JUnitTestRunner.main(JUnitTestRunner.java:785)
org.simpleframework.xml.core.ValueRequiredException: Empty value for @org.simpleframework.xml.Element(type=void, required=true, data=false, name=empty) on field 'empty' private java.lang.String org.simpleframework.xml.core.EmptyTest$RequiredElement.empty in class org.simpleframework.xml.core.EmptyTest$RequiredElement at line 3
	at org.simpleframework.xml.core.Composite.readInstance(Composite.java:642)
	at org.simpleframework.xml.core.Composite.readUnion(Composite.java:610)
	at org.simpleframework.xml.core.Composite.readElement(Composite.java:593)
	at org.simpleframework.xml.core.Composite.readElements(Composite.java:506)
	at org.simpleframework.xml.core.Composite.readSection(Composite.java:388)
	at org.simpleframework.xml.core.Composite.read(Composite.java:367)
	at org.simpleframework.xml.core.Composite.readDefault(Composite.java:262)
	at org.simpleframework.xml.core.Composite.read(Composite.java:232)
	at org.simpleframework.xml.core.Composite.read(Composite.java:202)
	at org.simpleframework.xml.core.Composite.read(Composite.java:150)
	at org.simpleframework.xml.core.Traverser.read(Traverser.java:92)
	at org.simpleframework.xml.core.Persister.read(Persister.java:625)
	at org.simpleframework.xml.core.Persister.read(Persister.java:606)
	at org.simpleframework.xml.core.Persister.read(Persister.java:584)
	at org.simpleframework.xml.core.Persister.read(Persister.java:562)
	at org.simpleframework.xml.core.Persister.read(Persister.java:499)
	at org.simpleframework.xml.core.Persister.read(Persister.java:408)
	at org.simpleframework.xml.core.EmptyTest.testRequiredBlank(EmptyTest.java:137)
	at sun.reflect.NativeMethodAccessorImpl.invoke0(Native Method)
	at sun.reflect.NativeMethodAccessorImpl.invoke(NativeMethodAccessorImpl.java:39)
	at sun.reflect.DelegatingMethodAccessorImpl.invoke(DelegatingMethodAccessorImpl.java:25)
	at java.lang.reflect.Method.invoke(Method.java:592)
	at junit.framework.TestCase.runTest(TestCase.java:154)
	at junit.framework.TestCase.runBare(TestCase.java:127)
	at junit.framework.TestResult$1.protect(TestResult.java:106)
	at junit.framework.TestResult.runProtected(TestResult.java:124)
	at junit.framework.TestResult.run(TestResult.java:109)
	at junit.framework.TestCase.run(TestCase.java:118)
	at junit.framework.TestSuite.runTest(TestSuite.java:208)
	at junit.framework.TestSuite.run(TestSuite.java:203)
	at org.apache.tools.ant.taskdefs.optional.junit.JUnitTestRunner.run(JUnitTestRunner.java:422)
	at org.apache.tools.ant.taskdefs.optional.junit.JUnitTestRunner.launch(JUnitTestRunner.java:931)
	at org.apache.tools.ant.taskdefs.optional.junit.JUnitTestRunner.main(JUnitTestRunner.java:785)
org.simpleframework.xml.core.ValueRequiredException: Empty value for @org.simpleframework.xml.Element(type=void, required=true, data=false, name=empty) on field 'empty' private java.lang.String org.simpleframework.xml.core.EmptyTest$RequiredElement.empty in class org.simpleframework.xml.core.EmptyTest$RequiredElement at line 3
	at org.simpleframework.xml.core.Composite.readInstance(Composite.java:642)
	at org.simpleframework.xml.core.Composite.readUnion(Composite.java:610)
	at org.simpleframework.xml.core.Composite.readElement(Composite.java:593)
	at org.simpleframework.xml.core.Composite.readElements(Composite.java:506)
	at org.simpleframework.xml.core.Composite.readSection(Composite.java:388)
	at org.simpleframework.xml.core.Composite.read(Composite.java:367)
	at org.simpleframework.xml.core.Composite.readDefault(Composite.java:262)
	at org.simpleframework.xml.core.Composite.read(Composite.java:232)
	at org.simpleframework.xml.core.Composite.read(Composite.java:202)
	at org.simpleframework.xml.core.Composite.read(Composite.java:150)
	at org.simpleframework.xml.core.Traverser.read(Traverser.java:92)
	at org.simpleframework.xml.core.Persister.read(Persister.java:625)
	at org.simpleframework.xml.core.Persister.read(Persister.java:606)
	at org.simpleframework.xml.core.Persister.read(Persister.java:584)
	at org.simpleframework.xml.core.Persister.read(Persister.java:562)
	at org.simpleframework.xml.core.Persister.read(Persister.java:499)
	at org.simpleframework.xml.core.Persister.read(Persister.java:408)
	at org.simpleframework.xml.core.EmptyTest.testOptionalEmpty(EmptyTest.java:149)
	at sun.reflect.NativeMethodAccessorImpl.invoke0(Native Method)
	at sun.reflect.NativeMethodAccessorImpl.invoke(NativeMethodAccessorImpl.java:39)
	at sun.reflect.DelegatingMethodAccessorImpl.invoke(DelegatingMethodAccessorImpl.java:25)
	at java.lang.reflect.Method.invoke(Method.java:592)
	at junit.framework.TestCase.runTest(TestCase.java:154)
	at junit.framework.TestCase.runBare(TestCase.java:127)
	at junit.framework.TestResult$1.protect(TestResult.java:106)
	at junit.framework.TestResult.runProtected(TestResult.java:124)
	at junit.framework.TestResult.run(TestResult.java:109)
	at junit.framework.TestCase.run(TestCase.java:118)
	at junit.framework.TestSuite.runTest(TestSuite.java:208)
	at junit.framework.TestSuite.run(TestSuite.java:203)
	at org.apache.tools.ant.taskdefs.optional.junit.JUnitTestRunner.run(JUnitTestRunner.java:422)
	at org.apache.tools.ant.taskdefs.optional.junit.JUnitTestRunner.launch(JUnitTestRunner.java:931)
	at org.apache.tools.ant.taskdefs.optional.junit.JUnitTestRunner.main(JUnitTestRunner.java:785)
------------- ---------------- ---------------

Testcase: testRequiredEmpty took 0.265 sec
Testcase: testRequiredEmptyMethod took 0.014 sec
Testcase: testRequiredBlank took 0.003 sec
Testcase: testOptionalEmpty took 0.006 sec
Testcase: testOptionalBlank took 0.022 sec
Testcase: testEmptyCollection took 0.119 sec
Testcase: testRequiredEmptyAttribute took 0.022 sec
Testcase: testOptionalEmptyAttribute took 0.002 sec
Testcase: testDefaultedAttribute took 0.082 sec
Testcase: testDirectory took 0.001 sec
