Testsuite: org.simpleframework.xml.core.DefaultWithParametersInGetterTest
Tests run: 4, Failures: 0, Errors: 0, Time elapsed: 0.394 sec
------------- Standard Output ---------------
<defaultTestClass>
   <foo>100</foo>
   <flag>false</flag>
</defaultTestClass><defaultTestClass>
   <foo>100</foo>
   <flag>false</flag>
</defaultTestClass><defaultTestClass>
   <foo>100</foo>
   <flag>false</flag>
</defaultTestClass>
<default-test-class ID="0">
   <!-- java.lang.Integer -->
   <foo ID="1">100</foo>
   <!-- java.lang.Boolean -->
   <flag ID="2">false</flag>
</default-test-class>>>>>> ELEMENT=[element default-test-class]
>>>>> TYPE=[class org.simpleframework.xml.core.DefaultWithParametersInGetterTest$DefaultTestClass]
>>>>> SOURCE=[class org.xmlpull.mxp1.MXParserCachingStrings]
<DefaultTestClass ID="0">
   <!-- java.lang.Integer -->
   <Foo ID="1">100</Foo>
   <!-- java.lang.Boolean -->
   <Flag ID="2">false</Flag>
</DefaultTestClass>>>>>> ELEMENT=[element DefaultTestClass]
>>>>> TYPE=[class org.simpleframework.xml.core.DefaultWithParametersInGetterTest$DefaultTestClass]
>>>>> SOURCE=[class org.xmlpull.mxp1.MXParserCachingStrings]
------------- ---------------- ---------------
------------- Standard Error -----------------
org.simpleframework.xml.core.MethodException: Get method public java.lang.String org.simpleframework.xml.core.DefaultWithParametersInGetterTest$DefaultTestClassWithInvalidTransient.getWithParams(int) is not a valid property
	at org.simpleframework.xml.core.MethodPartFactory.getRead(MethodPartFactory.java:287)
	at org.simpleframework.xml.core.MethodPartFactory.getName(MethodPartFactory.java:138)
	at org.simpleframework.xml.core.MethodPartFactory.getInstance(MethodPartFactory.java:110)
	at org.simpleframework.xml.core.MethodScanner.remove(MethodScanner.java:354)
	at org.simpleframework.xml.core.MethodScanner.scan(MethodScanner.java:265)
	at org.simpleframework.xml.core.MethodScanner.scan(MethodScanner.java:201)
	at org.simpleframework.xml.core.MethodScanner.scan(MethodScanner.java:182)
	at org.simpleframework.xml.core.MethodScanner.scan(MethodScanner.java:161)
	at org.simpleframework.xml.core.MethodScanner.<init>(MethodScanner.java:143)
	at org.simpleframework.xml.core.Scanner.method(Scanner.java:488)
	at org.simpleframework.xml.core.Scanner.scan(Scanner.java:361)
	at org.simpleframework.xml.core.Scanner.<init>(Scanner.java:103)
	at org.simpleframework.xml.core.ScannerFactory.getInstance(ScannerFactory.java:76)
	at org.simpleframework.xml.core.Support.getScanner(Support.java:203)
	at org.simpleframework.xml.core.Support.getName(Support.java:265)
	at org.simpleframework.xml.core.Source.getName(Source.java:240)
	at org.simpleframework.xml.core.Traverser.getName(Traverser.java:284)
	at org.simpleframework.xml.core.Traverser.write(Traverser.java:203)
	at org.simpleframework.xml.core.Traverser.write(Traverser.java:186)
	at org.simpleframework.xml.core.Persister.write(Persister.java:1180)
	at org.simpleframework.xml.core.Persister.write(Persister.java:1162)
	at org.simpleframework.xml.core.Persister.write(Persister.java:1140)
	at org.simpleframework.xml.core.Persister.write(Persister.java:1259)
	at org.simpleframework.xml.core.Persister.write(Persister.java:1241)
	at org.simpleframework.xml.core.Persister.write(Persister.java:1222)
	at org.simpleframework.xml.core.DefaultWithParametersInGetterTest.testDefaultWithTransientErrors(DefaultWithParametersInGetterTest.java:79)
	at sun.reflect.NativeMethodAccessorImpl.invoke0(Native Method)
	at sun.reflect.NativeMethodAccessorImpl.invoke(NativeMethodAccessorImpl.java:39)
	at sun.reflect.DelegatingMethodAccessorImpl.invoke(DelegatingMethodAccessorImpl.java:25)
	at java.lang.reflect.Method.invoke(Method.java:592)
	at junit.framework.TestCase.runTest(TestCase.java:154)
	at junit.framework.TestCase.runBare(TestCase.java:127)
	at junit.framework.TestResult$1.protect(TestResult.java:106)
	at junit.framework.TestResult.runProtected(TestResult.java:124)
	at junit.framework.TestResult.run(TestResult.java:109)
	at junit.framework.TestCase.run(TestCase.java:118)
	at junit.framework.TestSuite.runTest(TestSuite.java:208)
	at junit.framework.TestSuite.run(TestSuite.java:203)
	at org.apache.tools.ant.taskdefs.optional.junit.JUnitTestRunner.run(JUnitTestRunner.java:422)
	at org.apache.tools.ant.taskdefs.optional.junit.JUnitTestRunner.launch(JUnitTestRunner.java:931)
	at org.apache.tools.ant.taskdefs.optional.junit.JUnitTestRunner.main(JUnitTestRunner.java:785)
org.simpleframework.xml.core.MethodException: Get method public java.lang.String org.simpleframework.xml.core.DefaultWithParametersInGetterTest$DefaultTestClassWithInvalidElement.getName(int) is not a valid property
	at org.simpleframework.xml.core.MethodPartFactory.getRead(MethodPartFactory.java:287)
	at org.simpleframework.xml.core.MethodPartFactory.getName(MethodPartFactory.java:138)
	at org.simpleframework.xml.core.MethodPartFactory.getInstance(MethodPartFactory.java:110)
	at org.simpleframework.xml.core.MethodScanner.process(MethodScanner.java:287)
	at org.simpleframework.xml.core.MethodScanner.scan(MethodScanner.java:262)
	at org.simpleframework.xml.core.MethodScanner.scan(MethodScanner.java:201)
	at org.simpleframework.xml.core.MethodScanner.scan(MethodScanner.java:182)
	at org.simpleframework.xml.core.MethodScanner.scan(MethodScanner.java:161)
	at org.simpleframework.xml.core.MethodScanner.<init>(MethodScanner.java:143)
	at org.simpleframework.xml.core.Scanner.method(Scanner.java:488)
	at org.simpleframework.xml.core.Scanner.scan(Scanner.java:361)
	at org.simpleframework.xml.core.Scanner.<init>(Scanner.java:103)
	at org.simpleframework.xml.core.ScannerFactory.getInstance(ScannerFactory.java:76)
	at org.simpleframework.xml.core.Support.getScanner(Support.java:203)
	at org.simpleframework.xml.core.Support.getName(Support.java:265)
	at org.simpleframework.xml.core.Source.getName(Source.java:240)
	at org.simpleframework.xml.core.Traverser.getName(Traverser.java:284)
	at org.simpleframework.xml.core.Traverser.write(Traverser.java:203)
	at org.simpleframework.xml.core.Traverser.write(Traverser.java:186)
	at org.simpleframework.xml.core.Persister.write(Persister.java:1180)
	at org.simpleframework.xml.core.Persister.write(Persister.java:1162)
	at org.simpleframework.xml.core.Persister.write(Persister.java:1140)
	at org.simpleframework.xml.core.Persister.write(Persister.java:1259)
	at org.simpleframework.xml.core.Persister.write(Persister.java:1241)
	at org.simpleframework.xml.core.Persister.write(Persister.java:1222)
	at org.simpleframework.xml.core.DefaultWithParametersInGetterTest.testDefaultWithElementErrors(DefaultWithParametersInGetterTest.java:94)
	at sun.reflect.NativeMethodAccessorImpl.invoke0(Native Method)
	at sun.reflect.NativeMethodAccessorImpl.invoke(NativeMethodAccessorImpl.java:39)
	at sun.reflect.DelegatingMethodAccessorImpl.invoke(DelegatingMethodAccessorImpl.java:25)
	at java.lang.reflect.Method.invoke(Method.java:592)
	at junit.framework.TestCase.runTest(TestCase.java:154)
	at junit.framework.TestCase.runBare(TestCase.java:127)
	at junit.framework.TestResult$1.protect(TestResult.java:106)
	at junit.framework.TestResult.runProtected(TestResult.java:124)
	at junit.framework.TestResult.run(TestResult.java:109)
	at junit.framework.TestCase.run(TestCase.java:118)
	at junit.framework.TestSuite.runTest(TestSuite.java:208)
	at junit.framework.TestSuite.run(TestSuite.java:203)
	at org.apache.tools.ant.taskdefs.optional.junit.JUnitTestRunner.run(JUnitTestRunner.java:422)
	at org.apache.tools.ant.taskdefs.optional.junit.JUnitTestRunner.launch(JUnitTestRunner.java:931)
	at org.apache.tools.ant.taskdefs.optional.junit.JUnitTestRunner.main(JUnitTestRunner.java:785)
------------- ---------------- ---------------

Testcase: testDefaultWithParameters took 0.362 sec
Testcase: testDefaultWithTransientErrors took 0.014 sec
Testcase: testDefaultWithElementErrors took 0.006 sec
Testcase: testDirectory took 0.003 sec
