Testsuite: org.simpleframework.xml.core.ValidateTest
Tests run: 5, Failures: 0, Errors: 0, Time elapsed: 0.281 sec
------------- Standard Error -----------------
org.simpleframework.xml.core.ValueRequiredException: Unable to satisfy @org.simpleframework.xml.Attribute(required=true, empty=, name=version) on field 'version' private org.simpleframework.xml.core.ValidateTest$Version org.simpleframework.xml.core.ValidateTest$TextEntry.version for class org.simpleframework.xml.core.ValidateTest$TextEntry at line 5
	at org.simpleframework.xml.core.Composite.validate(Composite.java:993)
	at org.simpleframework.xml.core.Composite.validateAttributes(Composite.java:813)
	at org.simpleframework.xml.core.Composite.validateSection(Composite.java:784)
	at org.simpleframework.xml.core.Composite.validate(Composite.java:764)
	at org.simpleframework.xml.core.Composite.validate(Composite.java:740)
	at org.simpleframework.xml.core.Traverser.validate(Traverser.java:171)
	at org.simpleframework.xml.core.CompositeArray.validate(CompositeArray.java:218)
	at org.simpleframework.xml.core.CompositeArray.validate(CompositeArray.java:193)
	at org.simpleframework.xml.core.Composite.validate(Composite.java:967)
	at org.simpleframework.xml.core.Composite.validateUnion(Composite.java:950)
	at org.simpleframework.xml.core.Composite.validateElement(Composite.java:923)
	at org.simpleframework.xml.core.Composite.validateElements(Composite.java:841)
	at org.simpleframework.xml.core.Composite.validateSection(Composite.java:785)
	at org.simpleframework.xml.core.Composite.validate(Composite.java:764)
	at org.simpleframework.xml.core.Composite.validate(Composite.java:740)
	at org.simpleframework.xml.core.Traverser.validate(Traverser.java:171)
	at org.simpleframework.xml.core.Persister.validate(Persister.java:1119)
	at org.simpleframework.xml.core.Persister.validate(Persister.java:1099)
	at org.simpleframework.xml.core.Persister.validate(Persister.java:1076)
	at org.simpleframework.xml.core.Persister.validate(Persister.java:1053)
	at org.simpleframework.xml.core.Persister.validate(Persister.java:987)
	at org.simpleframework.xml.core.Persister.validate(Persister.java:891)
	at org.simpleframework.xml.core.ValidateTest.testVersionMissing(ValidateTest.java:86)
	at sun.reflect.NativeMethodAccessorImpl.invoke0(Native Method)
	at sun.reflect.NativeMethodAccessorImpl.invoke(NativeMethodAccessorImpl.java:39)
	at sun.reflect.DelegatingMethodAccessorImpl.invoke(DelegatingMethodAccessorImpl.java:25)
	at java.lang.reflect.Method.invoke(Method.java:592)
	at junit.framework.TestCase.runTest(TestCase.java:154)
	at junit.framework.TestCase.runBare(TestCase.java:127)
	at junit.framework.TestResult$1.protect(TestResult.java:106)
	at junit.framework.TestResult.runProtected(TestResult.java:124)
	at junit.framework.TestResult.run(TestResult.java:109)
	at junit.framework.TestCase.run(TestCase.java:118)
	at junit.framework.TestSuite.runTest(TestSuite.java:208)
	at junit.framework.TestSuite.run(TestSuite.java:203)
	at org.apache.tools.ant.taskdefs.optional.junit.JUnitTestRunner.run(JUnitTestRunner.java:422)
	at org.apache.tools.ant.taskdefs.optional.junit.JUnitTestRunner.launch(JUnitTestRunner.java:931)
	at org.apache.tools.ant.taskdefs.optional.junit.JUnitTestRunner.main(JUnitTestRunner.java:785)
org.simpleframework.xml.core.ValueRequiredException: Unable to satisfy @org.simpleframework.xml.Attribute(required=true, empty=, name=name) on field 'name' private java.lang.String org.simpleframework.xml.core.ValidateTest$TextEntry.name for class org.simpleframework.xml.core.ValidateTest$TextEntry at line 3
	at org.simpleframework.xml.core.Composite.validate(Composite.java:993)
	at org.simpleframework.xml.core.Composite.validateAttributes(Composite.java:813)
	at org.simpleframework.xml.core.Composite.validateSection(Composite.java:784)
	at org.simpleframework.xml.core.Composite.validate(Composite.java:764)
	at org.simpleframework.xml.core.Composite.validate(Composite.java:740)
	at org.simpleframework.xml.core.Traverser.validate(Traverser.java:171)
	at org.simpleframework.xml.core.CompositeArray.validate(CompositeArray.java:218)
	at org.simpleframework.xml.core.CompositeArray.validate(CompositeArray.java:193)
	at org.simpleframework.xml.core.Composite.validate(Composite.java:967)
	at org.simpleframework.xml.core.Composite.validateUnion(Composite.java:950)
	at org.simpleframework.xml.core.Composite.validateElement(Composite.java:923)
	at org.simpleframework.xml.core.Composite.validateElements(Composite.java:841)
	at org.simpleframework.xml.core.Composite.validateSection(Composite.java:785)
	at org.simpleframework.xml.core.Composite.validate(Composite.java:764)
	at org.simpleframework.xml.core.Composite.validate(Composite.java:740)
	at org.simpleframework.xml.core.Traverser.validate(Traverser.java:171)
	at org.simpleframework.xml.core.Persister.validate(Persister.java:1119)
	at org.simpleframework.xml.core.Persister.validate(Persister.java:1099)
	at org.simpleframework.xml.core.Persister.validate(Persister.java:1076)
	at org.simpleframework.xml.core.Persister.validate(Persister.java:1053)
	at org.simpleframework.xml.core.Persister.validate(Persister.java:987)
	at org.simpleframework.xml.core.Persister.validate(Persister.java:891)
	at org.simpleframework.xml.core.ValidateTest.testNameMissing(ValidateTest.java:99)
	at sun.reflect.NativeMethodAccessorImpl.invoke0(Native Method)
	at sun.reflect.NativeMethodAccessorImpl.invoke(NativeMethodAccessorImpl.java:39)
	at sun.reflect.DelegatingMethodAccessorImpl.invoke(DelegatingMethodAccessorImpl.java:25)
	at java.lang.reflect.Method.invoke(Method.java:592)
	at junit.framework.TestCase.runTest(TestCase.java:154)
	at junit.framework.TestCase.runBare(TestCase.java:127)
	at junit.framework.TestResult$1.protect(TestResult.java:106)
	at junit.framework.TestResult.runProtected(TestResult.java:124)
	at junit.framework.TestResult.run(TestResult.java:109)
	at junit.framework.TestCase.run(TestCase.java:118)
	at junit.framework.TestSuite.runTest(TestSuite.java:208)
	at junit.framework.TestSuite.run(TestSuite.java:203)
	at org.apache.tools.ant.taskdefs.optional.junit.JUnitTestRunner.run(JUnitTestRunner.java:422)
	at org.apache.tools.ant.taskdefs.optional.junit.JUnitTestRunner.launch(JUnitTestRunner.java:931)
	at org.apache.tools.ant.taskdefs.optional.junit.JUnitTestRunner.main(JUnitTestRunner.java:785)
org.simpleframework.xml.core.PersistenceException: Element 'array' declared twice at line 7
	at org.simpleframework.xml.core.Variable$Adapter.validate(Variable.java:478)
	at org.simpleframework.xml.core.Composite.validate(Composite.java:967)
	at org.simpleframework.xml.core.Composite.validateUnion(Composite.java:950)
	at org.simpleframework.xml.core.Composite.validateElement(Composite.java:923)
	at org.simpleframework.xml.core.Composite.validateElements(Composite.java:841)
	at org.simpleframework.xml.core.Composite.validateSection(Composite.java:785)
	at org.simpleframework.xml.core.Composite.validate(Composite.java:764)
	at org.simpleframework.xml.core.Composite.validate(Composite.java:740)
	at org.simpleframework.xml.core.Traverser.validate(Traverser.java:171)
	at org.simpleframework.xml.core.Persister.validate(Persister.java:1119)
	at org.simpleframework.xml.core.Persister.validate(Persister.java:1099)
	at org.simpleframework.xml.core.Persister.validate(Persister.java:1076)
	at org.simpleframework.xml.core.Persister.validate(Persister.java:1053)
	at org.simpleframework.xml.core.Persister.validate(Persister.java:987)
	at org.simpleframework.xml.core.Persister.validate(Persister.java:891)
	at org.simpleframework.xml.core.ValidateTest.testExtraElement(ValidateTest.java:125)
	at sun.reflect.NativeMethodAccessorImpl.invoke0(Native Method)
	at sun.reflect.NativeMethodAccessorImpl.invoke(NativeMethodAccessorImpl.java:39)
	at sun.reflect.DelegatingMethodAccessorImpl.invoke(DelegatingMethodAccessorImpl.java:25)
	at java.lang.reflect.Method.invoke(Method.java:592)
	at junit.framework.TestCase.runTest(TestCase.java:154)
	at junit.framework.TestCase.runBare(TestCase.java:127)
	at junit.framework.TestResult$1.protect(TestResult.java:106)
	at junit.framework.TestResult.runProtected(TestResult.java:124)
	at junit.framework.TestResult.run(TestResult.java:109)
	at junit.framework.TestCase.run(TestCase.java:118)
	at junit.framework.TestSuite.runTest(TestSuite.java:208)
	at junit.framework.TestSuite.run(TestSuite.java:203)
	at org.apache.tools.ant.taskdefs.optional.junit.JUnitTestRunner.run(JUnitTestRunner.java:422)
	at org.apache.tools.ant.taskdefs.optional.junit.JUnitTestRunner.launch(JUnitTestRunner.java:931)
	at org.apache.tools.ant.taskdefs.optional.junit.JUnitTestRunner.main(JUnitTestRunner.java:785)
------------- ---------------- ---------------

Testcase: testVersionMissing took 0.248 sec
Testcase: testNameMissing took 0.006 sec
Testcase: testTextMissing took 0.005 sec
Testcase: testExtraElement took 0.01 sec
Testcase: testDirectory took 0.002 sec
